2025-03-08 12:07:55 [restartedMain] INFO  - Starting EmployeePayrollApplication using Java 21.0.6 with PID 14048 (C:\Users\HP\Downloads\employeepayrollapp\employeepayrollapp\target\classes started by HP in C:\Users\HP\Downloads\employeepayrollapp\employeepayrollapp)
2025-03-08 12:07:55 [restartedMain] INFO  - The following 1 profile is active: "prod"
2025-03-08 12:07:56 [restartedMain] INFO  - Devtools property defaults active! Set 'spring.devtools.add-properties' to 'false' to disable
2025-03-08 12:07:56 [restartedMain] INFO  - For additional web related logging consider setting the 'logging.level.web' property to 'DEBUG'
2025-03-08 12:07:59 [restartedMain] INFO  - Bootstrapping Spring Data JPA repositories in DEFAULT mode.
2025-03-08 12:08:00 [restartedMain] INFO  - Finished Spring Data repository scanning in 267 ms. Found 1 JPA repository interface.
2025-03-08 12:08:03 [restartedMain] INFO  - Tomcat initialized with port 8080 (http)
2025-03-08 12:08:03 [restartedMain] INFO  - Starting service [Tomcat]
2025-03-08 12:08:03 [restartedMain] INFO  - Starting Servlet engine: [Apache Tomcat/10.1.36]
2025-03-08 12:08:03 [restartedMain] INFO  - Initializing Spring embedded WebApplicationContext
2025-03-08 12:08:03 [restartedMain] INFO  - Root WebApplicationContext: initialization completed in 7458 ms
2025-03-08 12:08:04 [restartedMain] INFO  - HHH000204: Processing PersistenceUnitInfo [name: default]
2025-03-08 12:08:04 [restartedMain] INFO  - HHH000412: Hibernate ORM core version 6.6.8.Final
2025-03-08 12:08:05 [restartedMain] INFO  - HHH000026: Second-level cache disabled
2025-03-08 12:08:06 [restartedMain] INFO  - No LoadTimeWeaver setup: ignoring JPA class transformer
2025-03-08 12:08:06 [restartedMain] INFO  - HikariPool-1 - Starting...
2025-03-08 12:08:08 [restartedMain] INFO  - HikariPool-1 - Added connection com.mysql.cj.jdbc.ConnectionImpl@3ad3d1a6
2025-03-08 12:08:08 [restartedMain] INFO  - HikariPool-1 - Start completed.
2025-03-08 12:08:08 [restartedMain] INFO  - HHH10001005: Database info:
	Database JDBC URL [Connecting through datasource 'HikariDataSource (HikariPool-1)']
	Database driver: undefined/unknown
	Database version: 8.0.31
	Autocommit mode: undefined/unknown
	Isolation level: undefined/unknown
	Minimum pool size: undefined/unknown
	Maximum pool size: undefined/unknown
2025-03-08 12:08:11 [restartedMain] INFO  - HHH000182: No default (no-argument) constructor for class: com.example.EmployeePayroll.model.EmployeeModel (class must be instantiated by Interceptor)
2025-03-08 12:08:12 [restartedMain] INFO  - HHH000489: No JTA platform available (set 'hibernate.transaction.jta.platform' to enable JTA platform integration)
2025-03-08 12:08:12 [restartedMain] INFO  - Initialized JPA EntityManagerFactory for persistence unit 'default'
2025-03-08 12:08:13 [restartedMain] INFO  - Failed to set up a Bean Validation provider: jakarta.validation.NoProviderFoundException: Unable to create a Configuration, because no Jakarta Bean Validation provider could be found. Add a provider like Hibernate Validator (RI) to your classpath.
2025-03-08 12:08:14 [restartedMain] INFO  - H2 console available at '/h2-console'. Database available at 'jdbc:mysql://localhost:3306/employee_db'
2025-03-08 12:08:14 [restartedMain] INFO  - LiveReload server is running on port 35729
2025-03-08 12:08:14 [restartedMain] INFO  - Tomcat started on port 8080 (http) with context path '/'
2025-03-08 12:08:14 [restartedMain] INFO  - Started EmployeePayrollApplication in 21.691 seconds (process running for 24.566)
2025-03-08 14:17:15 [restartedMain] INFO  - Starting EmployeePayrollApplication using Java 21.0.6 with PID 10000 (C:\Users\HP\Downloads\employeepayrollapp\employeepayrollapp\target\classes started by HP in C:\Users\HP\Downloads\employeepayrollapp\employeepayrollapp)
2025-03-08 14:17:15 [restartedMain] INFO  - The following 1 profile is active: "prod"
2025-03-08 14:17:15 [restartedMain] INFO  - Devtools property defaults active! Set 'spring.devtools.add-properties' to 'false' to disable
2025-03-08 14:17:15 [restartedMain] INFO  - For additional web related logging consider setting the 'logging.level.web' property to 'DEBUG'
2025-03-08 14:17:18 [restartedMain] INFO  - Bootstrapping Spring Data JPA repositories in DEFAULT mode.
2025-03-08 14:17:19 [restartedMain] INFO  - Finished Spring Data repository scanning in 292 ms. Found 1 JPA repository interface.
2025-03-08 14:17:22 [restartedMain] INFO  - Tomcat initialized with port 8080 (http)
2025-03-08 14:17:22 [restartedMain] INFO  - Starting service [Tomcat]
2025-03-08 14:17:22 [restartedMain] INFO  - Starting Servlet engine: [Apache Tomcat/10.1.36]
2025-03-08 14:17:22 [restartedMain] INFO  - Initializing Spring embedded WebApplicationContext
2025-03-08 14:17:22 [restartedMain] INFO  - Root WebApplicationContext: initialization completed in 7285 ms
2025-03-08 14:17:24 [restartedMain] INFO  - HHH000204: Processing PersistenceUnitInfo [name: default]
2025-03-08 14:17:24 [restartedMain] INFO  - HHH000412: Hibernate ORM core version 6.6.8.Final
2025-03-08 14:17:24 [restartedMain] INFO  - HHH000026: Second-level cache disabled
2025-03-08 14:17:26 [restartedMain] INFO  - No LoadTimeWeaver setup: ignoring JPA class transformer
2025-03-08 14:17:26 [restartedMain] INFO  - HikariPool-1 - Starting...
2025-03-08 14:17:28 [restartedMain] INFO  - HikariPool-1 - Added connection com.mysql.cj.jdbc.ConnectionImpl@7aed550e
2025-03-08 14:17:28 [restartedMain] INFO  - HikariPool-1 - Start completed.
2025-03-08 14:17:30 [restartedMain] INFO  - HHH10001005: Database info:
	Database JDBC URL [Connecting through datasource 'HikariDataSource (HikariPool-1)']
	Database driver: undefined/unknown
	Database version: 8.0.31
	Autocommit mode: undefined/unknown
	Isolation level: undefined/unknown
	Minimum pool size: undefined/unknown
	Maximum pool size: undefined/unknown
2025-03-08 14:17:31 [restartedMain] INFO  - Starting EmployeePayrollApplication using Java 21.0.6 with PID 12816 (C:\Users\HP\Downloads\employeepayrollapp\employeepayrollapp\target\classes started by HP in C:\Users\HP\Downloads\employeepayrollapp\employeepayrollapp)
2025-03-08 14:17:31 [restartedMain] INFO  - The following 1 profile is active: "prod"
2025-03-08 14:17:31 [restartedMain] INFO  - Devtools property defaults active! Set 'spring.devtools.add-properties' to 'false' to disable
2025-03-08 14:17:31 [restartedMain] INFO  - For additional web related logging consider setting the 'logging.level.web' property to 'DEBUG'
2025-03-08 14:17:40 [restartedMain] INFO  - HHH000182: No default (no-argument) constructor for class: com.example.EmployeePayroll.model.EmployeeModel (class must be instantiated by Interceptor)
2025-03-08 14:17:41 [restartedMain] INFO  - HHH000489: No JTA platform available (set 'hibernate.transaction.jta.platform' to enable JTA platform integration)
2025-03-08 14:17:42 [restartedMain] INFO  - Bootstrapping Spring Data JPA repositories in DEFAULT mode.
2025-03-08 14:17:42 [restartedMain] INFO  - Initialized JPA EntityManagerFactory for persistence unit 'default'
2025-03-08 14:17:43 [restartedMain] INFO  - Finished Spring Data repository scanning in 1078 ms. Found 1 JPA repository interface.
2025-03-08 14:17:43 [restartedMain] INFO  - Failed to set up a Bean Validation provider: jakarta.validation.NoProviderFoundException: Unable to create a Configuration, because no Jakarta Bean Validation provider could be found. Add a provider like Hibernate Validator (RI) to your classpath.
2025-03-08 14:17:46 [restartedMain] INFO  - H2 console available at '/h2-console'. Database available at 'jdbc:mysql://localhost:3306/employee_db'
2025-03-08 14:17:47 [restartedMain] INFO  - LiveReload server is running on port 35729
2025-03-08 14:17:47 [restartedMain] INFO  - Tomcat started on port 8080 (http) with context path '/'
2025-03-08 14:17:47 [restartedMain] INFO  - Started EmployeePayrollApplication in 34.847 seconds (process running for 37.407)
2025-03-08 14:17:47 [SpringApplicationShutdownHook] INFO  - Commencing graceful shutdown. Waiting for active requests to complete
2025-03-08 14:17:47 [tomcat-shutdown] INFO  - Graceful shutdown complete
2025-03-08 14:17:47 [SpringApplicationShutdownHook] INFO  - Closing JPA EntityManagerFactory for persistence unit 'default'
2025-03-08 14:17:47 [SpringApplicationShutdownHook] INFO  - HikariPool-1 - Shutdown initiated...
2025-03-08 14:17:48 [SpringApplicationShutdownHook] INFO  - HikariPool-1 - Shutdown completed.
2025-03-08 14:17:48 [restartedMain] INFO  - Tomcat initialized with port 8080 (http)
2025-03-08 14:17:48 [restartedMain] INFO  - Starting service [Tomcat]
2025-03-08 14:17:48 [restartedMain] INFO  - Starting Servlet engine: [Apache Tomcat/10.1.36]
2025-03-08 14:17:49 [restartedMain] INFO  - Initializing Spring embedded WebApplicationContext
2025-03-08 14:17:49 [restartedMain] INFO  - Root WebApplicationContext: initialization completed in 17485 ms
2025-03-08 14:17:51 [restartedMain] INFO  - HHH000204: Processing PersistenceUnitInfo [name: default]
2025-03-08 14:17:51 [restartedMain] INFO  - HHH000412: Hibernate ORM core version 6.6.8.Final
2025-03-08 14:17:51 [restartedMain] INFO  - HHH000026: Second-level cache disabled
2025-03-08 14:17:53 [restartedMain] INFO  - No LoadTimeWeaver setup: ignoring JPA class transformer
2025-03-08 14:17:53 [restartedMain] INFO  - HikariPool-1 - Starting...
2025-03-08 14:17:55 [restartedMain] INFO  - HikariPool-1 - Added connection com.mysql.cj.jdbc.ConnectionImpl@1891d8e1
2025-03-08 14:17:55 [restartedMain] INFO  - HikariPool-1 - Start completed.
2025-03-08 14:17:55 [restartedMain] INFO  - HHH10001005: Database info:
	Database JDBC URL [Connecting through datasource 'HikariDataSource (HikariPool-1)']
	Database driver: undefined/unknown
	Database version: 8.0.31
	Autocommit mode: undefined/unknown
	Isolation level: undefined/unknown
	Minimum pool size: undefined/unknown
	Maximum pool size: undefined/unknown
2025-03-08 14:17:59 [restartedMain] INFO  - HHH000182: No default (no-argument) constructor for class: com.example.EmployeePayroll.model.EmployeeModel (class must be instantiated by Interceptor)
2025-03-08 14:18:00 [restartedMain] INFO  - HHH000489: No JTA platform available (set 'hibernate.transaction.jta.platform' to enable JTA platform integration)
2025-03-08 14:18:00 [restartedMain] INFO  - Initialized JPA EntityManagerFactory for persistence unit 'default'
2025-03-08 14:18:00 [restartedMain] INFO  - Failed to set up a Bean Validation provider: jakarta.validation.NoProviderFoundException: Unable to create a Configuration, because no Jakarta Bean Validation provider could be found. Add a provider like Hibernate Validator (RI) to your classpath.
2025-03-08 14:18:02 [restartedMain] INFO  - H2 console available at '/h2-console'. Database available at 'jdbc:mysql://localhost:3306/employee_db'
2025-03-08 14:18:03 [restartedMain] INFO  - LiveReload server is running on port 35729
2025-03-08 14:18:03 [restartedMain] INFO  - Tomcat started on port 8080 (http) with context path '/'
2025-03-08 14:18:03 [restartedMain] INFO  - Started EmployeePayrollApplication in 36.658 seconds (process running for 40.356)
2025-03-08 14:18:07 [SpringApplicationShutdownHook] INFO  - Commencing graceful shutdown. Waiting for active requests to complete
2025-03-08 14:18:07 [tomcat-shutdown] INFO  - Graceful shutdown complete
2025-03-08 14:18:07 [SpringApplicationShutdownHook] INFO  - Closing JPA EntityManagerFactory for persistence unit 'default'
2025-03-08 14:18:07 [SpringApplicationShutdownHook] INFO  - HikariPool-1 - Shutdown initiated...
2025-03-08 14:18:07 [SpringApplicationShutdownHook] INFO  - HikariPool-1 - Shutdown completed.
